The system is: Linux - 2.6.32-642.6.2.el6.x86_64 - x86_64
Compiling the C compiler identification source file "CMakeCCompilerId.c" succeeded.
Compiler: /pc2014-data1/lah/gcc-6.3/bin/gcc 
Build flags: 
Id flags: 

The output was:
0


Compilation of the C compiler identification source "CMakeCCompilerId.c" produced "a.out"

The C compiler identification is GNU, found in "/pc2014-data1/boulda/mastersProject/cityproject/c++/build/CMakeFiles/2.8.12.2/CompilerIdC/a.out"

Compiling the CXX compiler identification source file "CMakeCXXCompilerId.cpp" succeeded.
Compiler: /pc2014-data1/lah/gcc-6.3/bin/g++ 
Build flags: 
Id flags: 

The output was:
0


Compilation of the CXX compiler identification source "CMakeCXXCompilerId.cpp" produced "a.out"

The CXX compiler identification is GNU, found in "/pc2014-data1/boulda/mastersProject/cityproject/c++/build/CMakeFiles/2.8.12.2/CompilerIdCXX/a.out"

Determining if the C compiler works passed with the following output:
Change Dir: /pc2014-data1/boulda/mastersProject/cityproject/c++/build/CMakeFiles/CMakeTmp

Run Build Command:/usr/bin/gmake "cmTryCompileExec2965456081/fast"
/usr/bin/gmake -f CMakeFiles/cmTryCompileExec2965456081.dir/build.make CMakeFiles/cmTryCompileExec2965456081.dir/build
gmake[1]: Entering directory `/pc2014-data1/boulda/mastersProject/cityproject/c++/build/CMakeFiles/CMakeTmp'
/usr/bin/cmake -E cmake_progress_report /pc2014-data1/boulda/mastersProject/cityproject/c++/build/CMakeFiles/CMakeTmp/CMakeFiles 1
Building C object CMakeFiles/cmTryCompileExec2965456081.dir/testCCompiler.c.o
/pc2014-data1/lah/gcc-6.3/bin/gcc    -o CMakeFiles/cmTryCompileExec2965456081.dir/testCCompiler.c.o   -c /pc2014-data1/boulda/mastersProject/cityproject/c++/build/CMakeFiles/CMakeTmp/testCCompiler.c
Linking C executable cmTryCompileExec2965456081
/usr/bin/cmake -E cmake_link_script CMakeFiles/cmTryCompileExec2965456081.dir/link.txt --verbose=1
/pc2014-data1/lah/gcc-6.3/bin/gcc       CMakeFiles/cmTryCompileExec2965456081.dir/testCCompiler.c.o  -o cmTryCompileExec2965456081 -rdynamic 
gmake[1]: Leaving directory `/pc2014-data1/boulda/mastersProject/cityproject/c++/build/CMakeFiles/CMakeTmp'


Detecting C compiler ABI info compiled with the following output:
Change Dir: /pc2014-data1/boulda/mastersProject/cityproject/c++/build/CMakeFiles/CMakeTmp

Run Build Command:/usr/bin/gmake "cmTryCompileExec3636853265/fast"
/usr/bin/gmake -f CMakeFiles/cmTryCompileExec3636853265.dir/build.make CMakeFiles/cmTryCompileExec3636853265.dir/build
gmake[1]: Entering directory `/pc2014-data1/boulda/mastersProject/cityproject/c++/build/CMakeFiles/CMakeTmp'
/usr/bin/cmake -E cmake_progress_report /pc2014-data1/boulda/mastersProject/cityproject/c++/build/CMakeFiles/CMakeTmp/CMakeFiles 1
Building C object CMakeFiles/cmTryCompileExec3636853265.dir/CMakeCCompilerABI.c.o
/pc2014-data1/lah/gcc-6.3/bin/gcc    -o CMakeFiles/cmTryCompileExec3636853265.dir/CMakeCCompilerABI.c.o   -c /usr/share/cmake/Modules/CMakeCCompilerABI.c
Linking C executable cmTryCompileExec3636853265
/usr/bin/cmake -E cmake_link_script CMakeFiles/cmTryCompileExec3636853265.dir/link.txt --verbose=1
/pc2014-data1/lah/gcc-6.3/bin/gcc     -v CMakeFiles/cmTryCompileExec3636853265.dir/CMakeCCompilerABI.c.o  -o cmTryCompileExec3636853265 -rdynamic  
Using built-in specs.
COLLECT_GCC=/pc2014-data1/lah/gcc-6.3/bin/gcc
COLLECT_LTO_WRAPPER=/pc2014-data1/lah/gcc-6.3/libexec/gcc/x86_64-pc-linux-gnu/6.3.0/lto-wrapper
Target: x86_64-pc-linux-gnu
Configured with: /pc2014-data1/lah/temp/gcc-6.3.0/configure --prefix=/pc2014-data1/lah/gcc-6.3 --enable-languages=c,c++,fortran,go
Thread model: posix
gcc version 6.3.0 (GCC) 
COMPILER_PATH=/pc2014-data1/lah/gcc-6.3/libexec/gcc/x86_64-pc-linux-gnu/6.3.0/:/pc2014-data1/lah/gcc-6.3/libexec/gcc/x86_64-pc-linux-gnu/6.3.0/:/pc2014-data1/lah/gcc-6.3/libexec/gcc/x86_64-pc-linux-gnu/:/pc2014-data1/lah/gcc-6.3/lib/gcc/x86_64-pc-linux-gnu/6.3.0/:/pc2014-data1/lah/gcc-6.3/lib/gcc/x86_64-pc-linux-gnu/
LIBRARY_PATH=/pc2014-data1/lah/gcc-6.3/lib/gcc/x86_64-pc-linux-gnu/6.3.0/:/pc2014-data1/lah/gcc-6.3/lib/gcc/x86_64-pc-linux-gnu/6.3.0/../../../../lib64/:/lib/../lib64/:/usr/lib/../lib64/:/pc2014-data1/lah/gcc-6.3/lib/gcc/x86_64-pc-linux-gnu/6.3.0/../../../:/lib/:/usr/lib/
COLLECT_GCC_OPTIONS='-v' '-o' 'cmTryCompileExec3636853265' '-rdynamic' '-mtune=generic' '-march=x86-64'
 /pc2014-data1/lah/gcc-6.3/libexec/gcc/x86_64-pc-linux-gnu/6.3.0/collect2 --eh-frame-hdr -m elf_x86_64 -export-dynamic -dynamic-linker /lib64/ld-linux-x86-64.so.2 -o cmTryCompileExec3636853265 /usr/lib/../lib64/crt1.o /usr/lib/../lib64/crti.o /pc2014-data1/lah/gcc-6.3/lib/gcc/x86_64-pc-linux-gnu/6.3.0/crtbegin.o -L/pc2014-data1/lah/gcc-6.3/lib/gcc/x86_64-pc-linux-gnu/6.3.0 -L/pc2014-data1/lah/gcc-6.3/lib/gcc/x86_64-pc-linux-gnu/6.3.0/../../../../lib64 -L/lib/../lib64 -L/usr/lib/../lib64 -L/pc2014-data1/lah/gcc-6.3/lib/gcc/x86_64-pc-linux-gnu/6.3.0/../../.. CMakeFiles/cmTryCompileExec3636853265.dir/CMakeCCompilerABI.c.o -lgcc --as-needed -lgcc_s --no-as-needed -lc -lgcc --as-needed -lgcc_s --no-as-needed /pc2014-data1/lah/gcc-6.3/lib/gcc/x86_64-pc-linux-gnu/6.3.0/crtend.o /usr/lib/../lib64/crtn.o
COLLECT_GCC_OPTIONS='-v' '-o' 'cmTryCompileExec3636853265' '-rdynamic' '-mtune=generic' '-march=x86-64'
gmake[1]: Leaving directory `/pc2014-data1/boulda/mastersProject/cityproject/c++/build/CMakeFiles/CMakeTmp'


Parsed C implicit link information from above output:
  link line regex: [^( *|.*[/\])(ld|([^/\]+-)?ld|collect2)[^/\]*( |$)]
  ignore line: [Change Dir: /pc2014-data1/boulda/mastersProject/cityproject/c++/build/CMakeFiles/CMakeTmp]
  ignore line: []
  ignore line: [Run Build Command:/usr/bin/gmake "cmTryCompileExec3636853265/fast"]
  ignore line: [/usr/bin/gmake -f CMakeFiles/cmTryCompileExec3636853265.dir/build.make CMakeFiles/cmTryCompileExec3636853265.dir/build]
  ignore line: [gmake[1]: Entering directory `/pc2014-data1/boulda/mastersProject/cityproject/c++/build/CMakeFiles/CMakeTmp']
  ignore line: [/usr/bin/cmake -E cmake_progress_report /pc2014-data1/boulda/mastersProject/cityproject/c++/build/CMakeFiles/CMakeTmp/CMakeFiles 1]
  ignore line: [Building C object CMakeFiles/cmTryCompileExec3636853265.dir/CMakeCCompilerABI.c.o]
  ignore line: [/pc2014-data1/lah/gcc-6.3/bin/gcc    -o CMakeFiles/cmTryCompileExec3636853265.dir/CMakeCCompilerABI.c.o   -c /usr/share/cmake/Modules/CMakeCCompilerABI.c]
  ignore line: [Linking C executable cmTryCompileExec3636853265]
  ignore line: [/usr/bin/cmake -E cmake_link_script CMakeFiles/cmTryCompileExec3636853265.dir/link.txt --verbose=1]
  ignore line: [/pc2014-data1/lah/gcc-6.3/bin/gcc     -v CMakeFiles/cmTryCompileExec3636853265.dir/CMakeCCompilerABI.c.o  -o cmTryCompileExec3636853265 -rdynamic  ]
  ignore line: [Using built-in specs.]
  ignore line: [COLLECT_GCC=/pc2014-data1/lah/gcc-6.3/bin/gcc]
  ignore line: [COLLECT_LTO_WRAPPER=/pc2014-data1/lah/gcc-6.3/libexec/gcc/x86_64-pc-linux-gnu/6.3.0/lto-wrapper]
  ignore line: [Target: x86_64-pc-linux-gnu]
  ignore line: [Configured with: /pc2014-data1/lah/temp/gcc-6.3.0/configure --prefix=/pc2014-data1/lah/gcc-6.3 --enable-languages=c,c++,fortran,go]
  ignore line: [Thread model: posix]
  ignore line: [gcc version 6.3.0 (GCC) ]
  ignore line: [COMPILER_PATH=/pc2014-data1/lah/gcc-6.3/libexec/gcc/x86_64-pc-linux-gnu/6.3.0/:/pc2014-data1/lah/gcc-6.3/libexec/gcc/x86_64-pc-linux-gnu/6.3.0/:/pc2014-data1/lah/gcc-6.3/libexec/gcc/x86_64-pc-linux-gnu/:/pc2014-data1/lah/gcc-6.3/lib/gcc/x86_64-pc-linux-gnu/6.3.0/:/pc2014-data1/lah/gcc-6.3/lib/gcc/x86_64-pc-linux-gnu/]
  ignore line: [LIBRARY_PATH=/pc2014-data1/lah/gcc-6.3/lib/gcc/x86_64-pc-linux-gnu/6.3.0/:/pc2014-data1/lah/gcc-6.3/lib/gcc/x86_64-pc-linux-gnu/6.3.0/../../../../lib64/:/lib/../lib64/:/usr/lib/../lib64/:/pc2014-data1/lah/gcc-6.3/lib/gcc/x86_64-pc-linux-gnu/6.3.0/../../../:/lib/:/usr/lib/]
  ignore line: [COLLECT_GCC_OPTIONS='-v' '-o' 'cmTryCompileExec3636853265' '-rdynamic' '-mtune=generic' '-march=x86-64']
  link line: [ /pc2014-data1/lah/gcc-6.3/libexec/gcc/x86_64-pc-linux-gnu/6.3.0/collect2 --eh-frame-hdr -m elf_x86_64 -export-dynamic -dynamic-linker /lib64/ld-linux-x86-64.so.2 -o cmTryCompileExec3636853265 /usr/lib/../lib64/crt1.o /usr/lib/../lib64/crti.o /pc2014-data1/lah/gcc-6.3/lib/gcc/x86_64-pc-linux-gnu/6.3.0/crtbegin.o -L/pc2014-data1/lah/gcc-6.3/lib/gcc/x86_64-pc-linux-gnu/6.3.0 -L/pc2014-data1/lah/gcc-6.3/lib/gcc/x86_64-pc-linux-gnu/6.3.0/../../../../lib64 -L/lib/../lib64 -L/usr/lib/../lib64 -L/pc2014-data1/lah/gcc-6.3/lib/gcc/x86_64-pc-linux-gnu/6.3.0/../../.. CMakeFiles/cmTryCompileExec3636853265.dir/CMakeCCompilerABI.c.o -lgcc --as-needed -lgcc_s --no-as-needed -lc -lgcc --as-needed -lgcc_s --no-as-needed /pc2014-data1/lah/gcc-6.3/lib/gcc/x86_64-pc-linux-gnu/6.3.0/crtend.o /usr/lib/../lib64/crtn.o]
    arg [/pc2014-data1/lah/gcc-6.3/libexec/gcc/x86_64-pc-linux-gnu/6.3.0/collect2] ==> ignore
    arg [--eh-frame-hdr] ==> ignore
    arg [-m] ==> ignore
    arg [elf_x86_64] ==> ignore
    arg [-export-dynamic] ==> ignore
    arg [-dynamic-linker] ==> ignore
    arg [/lib64/ld-linux-x86-64.so.2] ==> ignore
    arg [-o] ==> ignore
    arg [cmTryCompileExec3636853265] ==> ignore
    arg [/usr/lib/../lib64/crt1.o] ==> ignore
    arg [/usr/lib/../lib64/crti.o] ==> ignore
    arg [/pc2014-data1/lah/gcc-6.3/lib/gcc/x86_64-pc-linux-gnu/6.3.0/crtbegin.o] ==> ignore
    arg [-L/pc2014-data1/lah/gcc-6.3/lib/gcc/x86_64-pc-linux-gnu/6.3.0] ==> dir [/pc2014-data1/lah/gcc-6.3/lib/gcc/x86_64-pc-linux-gnu/6.3.0]
    arg [-L/pc2014-data1/lah/gcc-6.3/lib/gcc/x86_64-pc-linux-gnu/6.3.0/../../../../lib64] ==> dir [/pc2014-data1/lah/gcc-6.3/lib/gcc/x86_64-pc-linux-gnu/6.3.0/../../../../lib64]
    arg [-L/lib/../lib64] ==> dir [/lib/../lib64]
    arg [-L/usr/lib/../lib64] ==> dir [/usr/lib/../lib64]
    arg [-L/pc2014-data1/lah/gcc-6.3/lib/gcc/x86_64-pc-linux-gnu/6.3.0/../../..] ==> dir [/pc2014-data1/lah/gcc-6.3/lib/gcc/x86_64-pc-linux-gnu/6.3.0/../../..]
    arg [CMakeFiles/cmTryCompileExec3636853265.dir/CMakeCCompilerABI.c.o] ==> ignore
    arg [-lgcc] ==> lib [gcc]
    arg [--as-needed] ==> ignore
    arg [-lgcc_s] ==> lib [gcc_s]
    arg [--no-as-needed] ==> ignore
    arg [-lc] ==> lib [c]
    arg [-lgcc] ==> lib [gcc]
    arg [--as-needed] ==> ignore
    arg [-lgcc_s] ==> lib [gcc_s]
    arg [--no-as-needed] ==> ignore
    arg [/pc2014-data1/lah/gcc-6.3/lib/gcc/x86_64-pc-linux-gnu/6.3.0/crtend.o] ==> ignore
    arg [/usr/lib/../lib64/crtn.o] ==> ignore
  remove lib [gcc]
  remove lib [gcc_s]
  remove lib [gcc]
  remove lib [gcc_s]
  collapse library dir [/pc2014-data1/lah/gcc-6.3/lib/gcc/x86_64-pc-linux-gnu/6.3.0] ==> [/pc2014-data1/lah/gcc-6.3/lib/gcc/x86_64-pc-linux-gnu/6.3.0]
  collapse library dir [/pc2014-data1/lah/gcc-6.3/lib/gcc/x86_64-pc-linux-gnu/6.3.0/../../../../lib64] ==> [/pc2014-data1/lah/gcc-6.3/lib64]
  collapse library dir [/lib/../lib64] ==> [/lib64]
  collapse library dir [/usr/lib/../lib64] ==> [/usr/lib64]
  collapse library dir [/pc2014-data1/lah/gcc-6.3/lib/gcc/x86_64-pc-linux-gnu/6.3.0/../../..] ==> [/pc2014-data1/lah/gcc-6.3/lib]
  implicit libs: [c]
  implicit dirs: [/pc2014-data1/lah/gcc-6.3/lib/gcc/x86_64-pc-linux-gnu/6.3.0;/pc2014-data1/lah/gcc-6.3/lib64;/lib64;/usr/lib64;/pc2014-data1/lah/gcc-6.3/lib]
  implicit fwks: []


Determining if the CXX compiler works passed with the following output:
Change Dir: /pc2014-data1/boulda/mastersProject/cityproject/c++/build/CMakeFiles/CMakeTmp

Run Build Command:/usr/bin/gmake "cmTryCompileExec1722495228/fast"
/usr/bin/gmake -f CMakeFiles/cmTryCompileExec1722495228.dir/build.make CMakeFiles/cmTryCompileExec1722495228.dir/build
gmake[1]: Entering directory `/pc2014-data1/boulda/mastersProject/cityproject/c++/build/CMakeFiles/CMakeTmp'
/usr/bin/cmake -E cmake_progress_report /pc2014-data1/boulda/mastersProject/cityproject/c++/build/CMakeFiles/CMakeTmp/CMakeFiles 1
Building CXX object CMakeFiles/cmTryCompileExec1722495228.dir/testCXXCompiler.cxx.o
/pc2014-data1/lah/gcc-6.3/bin/g++     -o CMakeFiles/cmTryCompileExec1722495228.dir/testCXXCompiler.cxx.o -c /pc2014-data1/boulda/mastersProject/cityproject/c++/build/CMakeFiles/CMakeTmp/testCXXCompiler.cxx
Linking CXX executable cmTryCompileExec1722495228
/usr/bin/cmake -E cmake_link_script CMakeFiles/cmTryCompileExec1722495228.dir/link.txt --verbose=1
/pc2014-data1/lah/gcc-6.3/bin/g++        CMakeFiles/cmTryCompileExec1722495228.dir/testCXXCompiler.cxx.o  -o cmTryCompileExec1722495228 -rdynamic 
gmake[1]: Leaving directory `/pc2014-data1/boulda/mastersProject/cityproject/c++/build/CMakeFiles/CMakeTmp'


Detecting CXX compiler ABI info compiled with the following output:
Change Dir: /pc2014-data1/boulda/mastersProject/cityproject/c++/build/CMakeFiles/CMakeTmp

Run Build Command:/usr/bin/gmake "cmTryCompileExec2815204225/fast"
/usr/bin/gmake -f CMakeFiles/cmTryCompileExec2815204225.dir/build.make CMakeFiles/cmTryCompileExec2815204225.dir/build
gmake[1]: Entering directory `/pc2014-data1/boulda/mastersProject/cityproject/c++/build/CMakeFiles/CMakeTmp'
/usr/bin/cmake -E cmake_progress_report /pc2014-data1/boulda/mastersProject/cityproject/c++/build/CMakeFiles/CMakeTmp/CMakeFiles 1
Building CXX object CMakeFiles/cmTryCompileExec2815204225.dir/CMakeCXXCompilerABI.cpp.o
/pc2014-data1/lah/gcc-6.3/bin/g++     -o CMakeFiles/cmTryCompileExec2815204225.dir/CMakeCXXCompilerABI.cpp.o -c /usr/share/cmake/Modules/CMakeCXXCompilerABI.cpp
Linking CXX executable cmTryCompileExec2815204225
/usr/bin/cmake -E cmake_link_script CMakeFiles/cmTryCompileExec2815204225.dir/link.txt --verbose=1
/pc2014-data1/lah/gcc-6.3/bin/g++      -v CMakeFiles/cmTryCompileExec2815204225.dir/CMakeCXXCompilerABI.cpp.o  -o cmTryCompileExec2815204225 -rdynamic  
Using built-in specs.
COLLECT_GCC=/pc2014-data1/lah/gcc-6.3/bin/g++
COLLECT_LTO_WRAPPER=/pc2014-data1/lah/gcc-6.3/libexec/gcc/x86_64-pc-linux-gnu/6.3.0/lto-wrapper
Target: x86_64-pc-linux-gnu
Configured with: /pc2014-data1/lah/temp/gcc-6.3.0/configure --prefix=/pc2014-data1/lah/gcc-6.3 --enable-languages=c,c++,fortran,go
Thread model: posix
gcc version 6.3.0 (GCC) 
COMPILER_PATH=/pc2014-data1/lah/gcc-6.3/libexec/gcc/x86_64-pc-linux-gnu/6.3.0/:/pc2014-data1/lah/gcc-6.3/libexec/gcc/x86_64-pc-linux-gnu/6.3.0/:/pc2014-data1/lah/gcc-6.3/libexec/gcc/x86_64-pc-linux-gnu/:/pc2014-data1/lah/gcc-6.3/lib/gcc/x86_64-pc-linux-gnu/6.3.0/:/pc2014-data1/lah/gcc-6.3/lib/gcc/x86_64-pc-linux-gnu/
LIBRARY_PATH=/pc2014-data1/lah/gcc-6.3/lib/gcc/x86_64-pc-linux-gnu/6.3.0/:/pc2014-data1/lah/gcc-6.3/lib/gcc/x86_64-pc-linux-gnu/6.3.0/../../../../lib64/:/lib/../lib64/:/usr/lib/../lib64/:/pc2014-data1/lah/gcc-6.3/lib/gcc/x86_64-pc-linux-gnu/6.3.0/../../../:/lib/:/usr/lib/
COLLECT_GCC_OPTIONS='-v' '-o' 'cmTryCompileExec2815204225' '-rdynamic' '-shared-libgcc' '-mtune=generic' '-march=x86-64'
 /pc2014-data1/lah/gcc-6.3/libexec/gcc/x86_64-pc-linux-gnu/6.3.0/collect2 --eh-frame-hdr -m elf_x86_64 -export-dynamic -dynamic-linker /lib64/ld-linux-x86-64.so.2 -o cmTryCompileExec2815204225 /usr/lib/../lib64/crt1.o /usr/lib/../lib64/crti.o /pc2014-data1/lah/gcc-6.3/lib/gcc/x86_64-pc-linux-gnu/6.3.0/crtbegin.o -L/pc2014-data1/lah/gcc-6.3/lib/gcc/x86_64-pc-linux-gnu/6.3.0 -L/pc2014-data1/lah/gcc-6.3/lib/gcc/x86_64-pc-linux-gnu/6.3.0/../../../../lib64 -L/lib/../lib64 -L/usr/lib/../lib64 -L/pc2014-data1/lah/gcc-6.3/lib/gcc/x86_64-pc-linux-gnu/6.3.0/../../.. CMakeFiles/cmTryCompileExec2815204225.dir/CMakeCXXCompilerABI.cpp.o -lstdc++ -lm -lgcc_s -lgcc -lc -lgcc_s -lgcc /pc2014-data1/lah/gcc-6.3/lib/gcc/x86_64-pc-linux-gnu/6.3.0/crtend.o /usr/lib/../lib64/crtn.o
COLLECT_GCC_OPTIONS='-v' '-o' 'cmTryCompileExec2815204225' '-rdynamic' '-shared-libgcc' '-mtune=generic' '-march=x86-64'
gmake[1]: Leaving directory `/pc2014-data1/boulda/mastersProject/cityproject/c++/build/CMakeFiles/CMakeTmp'


Parsed CXX implicit link information from above output:
  link line regex: [^( *|.*[/\])(ld|([^/\]+-)?ld|collect2)[^/\]*( |$)]
  ignore line: [Change Dir: /pc2014-data1/boulda/mastersProject/cityproject/c++/build/CMakeFiles/CMakeTmp]
  ignore line: []
  ignore line: [Run Build Command:/usr/bin/gmake "cmTryCompileExec2815204225/fast"]
  ignore line: [/usr/bin/gmake -f CMakeFiles/cmTryCompileExec2815204225.dir/build.make CMakeFiles/cmTryCompileExec2815204225.dir/build]
  ignore line: [gmake[1]: Entering directory `/pc2014-data1/boulda/mastersProject/cityproject/c++/build/CMakeFiles/CMakeTmp']
  ignore line: [/usr/bin/cmake -E cmake_progress_report /pc2014-data1/boulda/mastersProject/cityproject/c++/build/CMakeFiles/CMakeTmp/CMakeFiles 1]
  ignore line: [Building CXX object CMakeFiles/cmTryCompileExec2815204225.dir/CMakeCXXCompilerABI.cpp.o]
  ignore line: [/pc2014-data1/lah/gcc-6.3/bin/g++     -o CMakeFiles/cmTryCompileExec2815204225.dir/CMakeCXXCompilerABI.cpp.o -c /usr/share/cmake/Modules/CMakeCXXCompilerABI.cpp]
  ignore line: [Linking CXX executable cmTryCompileExec2815204225]
  ignore line: [/usr/bin/cmake -E cmake_link_script CMakeFiles/cmTryCompileExec2815204225.dir/link.txt --verbose=1]
  ignore line: [/pc2014-data1/lah/gcc-6.3/bin/g++      -v CMakeFiles/cmTryCompileExec2815204225.dir/CMakeCXXCompilerABI.cpp.o  -o cmTryCompileExec2815204225 -rdynamic  ]
  ignore line: [Using built-in specs.]
  ignore line: [COLLECT_GCC=/pc2014-data1/lah/gcc-6.3/bin/g++]
  ignore line: [COLLECT_LTO_WRAPPER=/pc2014-data1/lah/gcc-6.3/libexec/gcc/x86_64-pc-linux-gnu/6.3.0/lto-wrapper]
  ignore line: [Target: x86_64-pc-linux-gnu]
  ignore line: [Configured with: /pc2014-data1/lah/temp/gcc-6.3.0/configure --prefix=/pc2014-data1/lah/gcc-6.3 --enable-languages=c,c++,fortran,go]
  ignore line: [Thread model: posix]
  ignore line: [gcc version 6.3.0 (GCC) ]
  ignore line: [COMPILER_PATH=/pc2014-data1/lah/gcc-6.3/libexec/gcc/x86_64-pc-linux-gnu/6.3.0/:/pc2014-data1/lah/gcc-6.3/libexec/gcc/x86_64-pc-linux-gnu/6.3.0/:/pc2014-data1/lah/gcc-6.3/libexec/gcc/x86_64-pc-linux-gnu/:/pc2014-data1/lah/gcc-6.3/lib/gcc/x86_64-pc-linux-gnu/6.3.0/:/pc2014-data1/lah/gcc-6.3/lib/gcc/x86_64-pc-linux-gnu/]
  ignore line: [LIBRARY_PATH=/pc2014-data1/lah/gcc-6.3/lib/gcc/x86_64-pc-linux-gnu/6.3.0/:/pc2014-data1/lah/gcc-6.3/lib/gcc/x86_64-pc-linux-gnu/6.3.0/../../../../lib64/:/lib/../lib64/:/usr/lib/../lib64/:/pc2014-data1/lah/gcc-6.3/lib/gcc/x86_64-pc-linux-gnu/6.3.0/../../../:/lib/:/usr/lib/]
  ignore line: [COLLECT_GCC_OPTIONS='-v' '-o' 'cmTryCompileExec2815204225' '-rdynamic' '-shared-libgcc' '-mtune=generic' '-march=x86-64']
  link line: [ /pc2014-data1/lah/gcc-6.3/libexec/gcc/x86_64-pc-linux-gnu/6.3.0/collect2 --eh-frame-hdr -m elf_x86_64 -export-dynamic -dynamic-linker /lib64/ld-linux-x86-64.so.2 -o cmTryCompileExec2815204225 /usr/lib/../lib64/crt1.o /usr/lib/../lib64/crti.o /pc2014-data1/lah/gcc-6.3/lib/gcc/x86_64-pc-linux-gnu/6.3.0/crtbegin.o -L/pc2014-data1/lah/gcc-6.3/lib/gcc/x86_64-pc-linux-gnu/6.3.0 -L/pc2014-data1/lah/gcc-6.3/lib/gcc/x86_64-pc-linux-gnu/6.3.0/../../../../lib64 -L/lib/../lib64 -L/usr/lib/../lib64 -L/pc2014-data1/lah/gcc-6.3/lib/gcc/x86_64-pc-linux-gnu/6.3.0/../../.. CMakeFiles/cmTryCompileExec2815204225.dir/CMakeCXXCompilerABI.cpp.o -lstdc++ -lm -lgcc_s -lgcc -lc -lgcc_s -lgcc /pc2014-data1/lah/gcc-6.3/lib/gcc/x86_64-pc-linux-gnu/6.3.0/crtend.o /usr/lib/../lib64/crtn.o]
    arg [/pc2014-data1/lah/gcc-6.3/libexec/gcc/x86_64-pc-linux-gnu/6.3.0/collect2] ==> ignore
    arg [--eh-frame-hdr] ==> ignore
    arg [-m] ==> ignore
    arg [elf_x86_64] ==> ignore
    arg [-export-dynamic] ==> ignore
    arg [-dynamic-linker] ==> ignore
    arg [/lib64/ld-linux-x86-64.so.2] ==> ignore
    arg [-o] ==> ignore
    arg [cmTryCompileExec2815204225] ==> ignore
    arg [/usr/lib/../lib64/crt1.o] ==> ignore
    arg [/usr/lib/../lib64/crti.o] ==> ignore
    arg [/pc2014-data1/lah/gcc-6.3/lib/gcc/x86_64-pc-linux-gnu/6.3.0/crtbegin.o] ==> ignore
    arg [-L/pc2014-data1/lah/gcc-6.3/lib/gcc/x86_64-pc-linux-gnu/6.3.0] ==> dir [/pc2014-data1/lah/gcc-6.3/lib/gcc/x86_64-pc-linux-gnu/6.3.0]
    arg [-L/pc2014-data1/lah/gcc-6.3/lib/gcc/x86_64-pc-linux-gnu/6.3.0/../../../../lib64] ==> dir [/pc2014-data1/lah/gcc-6.3/lib/gcc/x86_64-pc-linux-gnu/6.3.0/../../../../lib64]
    arg [-L/lib/../lib64] ==> dir [/lib/../lib64]
    arg [-L/usr/lib/../lib64] ==> dir [/usr/lib/../lib64]
    arg [-L/pc2014-data1/lah/gcc-6.3/lib/gcc/x86_64-pc-linux-gnu/6.3.0/../../..] ==> dir [/pc2014-data1/lah/gcc-6.3/lib/gcc/x86_64-pc-linux-gnu/6.3.0/../../..]
    arg [CMakeFiles/cmTryCompileExec2815204225.dir/CMakeCXXCompilerABI.cpp.o] ==> ignore
    arg [-lstdc++] ==> lib [stdc++]
    arg [-lm] ==> lib [m]
    arg [-lgcc_s] ==> lib [gcc_s]
    arg [-lgcc] ==> lib [gcc]
    arg [-lc] ==> lib [c]
    arg [-lgcc_s] ==> lib [gcc_s]
    arg [-lgcc] ==> lib [gcc]
    arg [/pc2014-data1/lah/gcc-6.3/lib/gcc/x86_64-pc-linux-gnu/6.3.0/crtend.o] ==> ignore
    arg [/usr/lib/../lib64/crtn.o] ==> ignore
  remove lib [gcc_s]
  remove lib [gcc]
  remove lib [gcc_s]
  remove lib [gcc]
  collapse library dir [/pc2014-data1/lah/gcc-6.3/lib/gcc/x86_64-pc-linux-gnu/6.3.0] ==> [/pc2014-data1/lah/gcc-6.3/lib/gcc/x86_64-pc-linux-gnu/6.3.0]
  collapse library dir [/pc2014-data1/lah/gcc-6.3/lib/gcc/x86_64-pc-linux-gnu/6.3.0/../../../../lib64] ==> [/pc2014-data1/lah/gcc-6.3/lib64]
  collapse library dir [/lib/../lib64] ==> [/lib64]
  collapse library dir [/usr/lib/../lib64] ==> [/usr/lib64]
  collapse library dir [/pc2014-data1/lah/gcc-6.3/lib/gcc/x86_64-pc-linux-gnu/6.3.0/../../..] ==> [/pc2014-data1/lah/gcc-6.3/lib]
  implicit libs: [stdc++;m;c]
  implicit dirs: [/pc2014-data1/lah/gcc-6.3/lib/gcc/x86_64-pc-linux-gnu/6.3.0;/pc2014-data1/lah/gcc-6.3/lib64;/lib64;/usr/lib64;/pc2014-data1/lah/gcc-6.3/lib]
  implicit fwks: []


